{"name": "test_check_inferface_name", "status": "failed", "statusDetails": {"message": "AssertionError: assert <selenium.webdriver.remote.webelement.WebElement (session=\"b3657df4c99b13fef8354858d4636f57\", element=\"f.56D3C1AE915DD2E50E0213544A6C7781.d.2CFED33CB947EB3EA1F5B0000B765719.e.247\")> == 'Interface Name'", "trace": "self = <tests.test_3_system_settings.TestSystemSettings object at 0x000001FB73A27910>, system_settings_page = <pages.SystemSettingsPage.SystemSettingsPage object at 0x000001FB73A27010>\n\n    def test_check_inferface_name(self, system_settings_page):\n        title, value = system_settings_page.get_interface_name_title_and_value()\n    \n>       assert title == \"Interface Name\"\nE       assert <selenium.webdriver.remote.webelement.WebElement (session=\"b3657df4c99b13fef8354858d4636f57\", element=\"f.56D3C1AE915DD2E50E0213544A6C7781.d.2CFED33CB947EB3EA1F5B0000B765719.e.247\")> == 'Interface Name'\n\nsrc\\tests\\test_3_system_settings.py:36: AssertionError"}, "start": 1739347198390, "stop": 1739347198420, "uuid": "bc5cb809-8e84-4144-939d-e137f400e52a", "historyId": "9205e39e83d9251683d9aa7f50b43104", "testCaseId": "9205e39e83d9251683d9aa7f50b43104", "fullName": "src.tests.test_3_system_settings.TestSystemSettings#test_check_inferface_name", "labels": [{"name": "parentSuite", "value": "src.tests"}, {"name": "suite", "value": "test_3_system_settings"}, {"name": "subSuite", "value": "TestSystemSettings"}, {"name": "host", "value": "Perry"}, {"name": "thread", "value": "27916-MainThread"}, {"name": "framework", "value": "pytest"}, {"name": "language", "value": "cpython3"}, {"name": "package", "value": "src.tests.test_3_system_settings"}]}